\BOOKMARK [1][]{section.1}{I INTRODUCTION}{}% 1
\BOOKMARK [1][]{section.2}{II THE THREE GOLDEN RULES}{}% 2
\BOOKMARK [1][]{section.3}{III GETTING STARTED}{}% 3
\BOOKMARK [1][]{section.4}{IV THE ARTICLE HEADER INFORMATION}{}% 4
\BOOKMARK [2][]{subsection.4.1}{4.1 Remarks}{section.4}% 5
\BOOKMARK [1][]{section.5}{V THE BODY OF THE ARTICLE}{}% 6
\BOOKMARK [2][]{subsection.5.1}{5.1 Mathematics}{section.5}% 7
\BOOKMARK [2][]{subsection.5.2}{5.2 Two wheel robot model}{section.5}% 8
\BOOKMARK [2][]{subsection.5.3}{5.3 Experiment setup}{section.5}% 9
\BOOKMARK [3][]{subsubsection.5.3.1}{5.3.1 Mobile robot}{subsection.5.3}% 10
\BOOKMARK [3][]{subsubsection.5.3.2}{5.3.2 Experiment environment}{subsection.5.3}% 11
\BOOKMARK [2][]{subsection.5.4}{5.4 mat-lab code explanation}{section.5}% 12
\BOOKMARK [2][]{subsection.5.5}{5.5 Figures and tables}{section.5}% 13
\BOOKMARK [2][]{subsection.5.6}{5.6 Cross-referencing}{section.5}% 14
\BOOKMARK [2][]{subsection.5.7}{5.7 Bibliography}{section.5}% 15
\BOOKMARK [2][]{subsection.5.8}{5.8 Authors' biographies}{section.5}% 16
\BOOKMARK [2][]{subsection.5.9}{5.9 Double spacing}{section.5}% 17
\BOOKMARK [1][]{section.6}{VI SUPPORT FOR asjcauth.cls}{}% 18
\BOOKMARK [1][]{section.7}{VII SETTING AN EDITORIAL}{}% 19
\BOOKMARK [1][]{section.8}{VIII COPYRIGHT STATEMENT}{}% 20
\BOOKMARK [2][]{subsection.8.1}{8.1 Copyright}{section.8}% 21
\BOOKMARK [2][]{subsection.8.2}{8.2 Rules of use}{section.8}% 22
